SF:lib/models/match.dart
DA:6,3
DA:18,2
DA:19,2
DA:20,2
DA:21,4
DA:22,4
DA:23,4
DA:27,1
DA:28,5
LF:9
LH:9
end_of_record
SF:lib/misc/most_wins_calculator.dart
DA:9,2
DA:10,2
DA:11,4
DA:13,4
DA:14,4
DA:16,4
DA:17,4
DA:21,6
DA:22,4
DA:23,6
DA:24,6
DA:25,4
DA:26,6
DA:33,6
DA:34,6
DA:35,4
DA:39,2
LF:17
LH:17
end_of_record
SF:lib/models/score.dart
DA:4,6
DA:10,3
DA:11,3
DA:12,3
DA:16,1
DA:17,2
LF:6
LH:6
end_of_record
SF:lib/models/team.dart
DA:8,7
DA:28,3
DA:29,3
DA:30,3
DA:31,3
DA:32,3
DA:33,3
DA:34,3
DA:35,6
DA:36,6
DA:41,3
DA:42,24
LF:12
LH:12
end_of_record
SF:lib/home_screen/ui/default_spacer.dart
DA:4,45
DA:6,4
LF:2
LH:2
end_of_record
SF:lib/home_screen/ui/loading_state.dart
DA:6,15
DA:8,2
DA:10,4
DA:11,2
DA:12,2
DA:13,2
DA:14,2
DA:16,2
DA:19,2
DA:21,2
DA:27,2
DA:29,6
LF:12
LH:12
end_of_record
SF:lib/app/app.locator.dart
DA:16,12
DA:18,0
DA:21,0
DA:25,0
DA:26,0
DA:27,0
DA:28,0
LF:7
LH:1
end_of_record
SF:lib/football_data/football_data_repo.dart
DA:11,1
DA:12,4
DA:13,1
LF:3
LH:3
end_of_record
SF:lib/football_data/football_data_service.dart
DA:17,1
DA:18,2
DA:21,2
DA:22,1
DA:25,2
DA:28,3
DA:31,2
DA:40,1
DA:41,4
DA:42,2
DA:43,2
DA:44,2
DA:45,3
DA:46,0
DA:48,1
DA:50,1
DA:56,1
DA:57,4
DA:58,2
DA:59,2
DA:60,5
DA:61,2
DA:63,0
DA:68,1
DA:69,4
DA:70,2
DA:71,2
DA:72,1
DA:74,0
LF:29
LH:26
end_of_record
SF:lib/services/http_service.dart
DA:6,0
DA:7,0
DA:8,0
DA:9,0
DA:10,0
LF:5
LH:0
end_of_record
SF:lib/misc/date_time_formatter.dart
DA:4,2
DA:5,6
LF:2
LH:2
end_of_record
SF:lib/models/season.dart
DA:4,2
DA:14,2
DA:15,2
DA:16,2
DA:17,4
DA:18,4
DA:22,1
DA:23,4
LF:8
LH:8
end_of_record
SF:lib/home_screen/home_screen.dart
DA:10,1
DA:12,1
DA:13,1
DA:18,1
DA:20,1
DA:21,2
DA:22,2
DA:23,1
DA:24,1
DA:26,1
DA:34,1
DA:35,1
DA:36,1
DA:38,1
DA:39,0
DA:44,1
LF:16
LH:15
end_of_record
SF:lib/home_screen/home_screen_view_model.dart
DA:12,2
DA:13,10
LF:2
LH:2
end_of_record
SF:lib/home_screen/ui/best_team_view.dart
DA:10,14
DA:12,0
DA:14,0
DA:17,0
DA:18,0
DA:19,0
DA:20,0
DA:24,0
DA:25,0
DA:26,0
DA:29,0
DA:32,0
DA:35,0
DA:36,0
DA:38,0
DA:41,0
DA:43,0
DA:44,0
DA:46,0
DA:47,0
DA:48,0
DA:50,0
DA:51,0
DA:52,0
DA:54,0
DA:55,0
DA:64,0
DA:66,0
DA:69,0
LF:29
LH:1
end_of_record
SF:lib/home_screen/ui/error_state.dart
DA:8,15
DA:10,1
DA:12,2
DA:13,1
DA:14,1
DA:15,1
DA:16,1
DA:18,1
DA:21,1
DA:22,1
DA:24,1
DA:26,3
DA:29,1
DA:30,1
DA:31,1
DA:32,1
DA:34,2
DA:35,1
DA:37,4
LF:19
LH:19
end_of_record
SF:lib/home_screen/ui/heading_and_subheading.dart
DA:4,1
DA:9,1
DA:11,1
DA:12,1
DA:14,1
DA:15,1
DA:16,1
DA:17,3
DA:20,1
DA:21,1
DA:22,3
LF:11
LH:11
end_of_record
SF:lib/home_screen/ui/squad_list_view.dart
DA:6,2
DA:10,1
DA:12,1
DA:15,2
DA:16,1
DA:17,1
DA:19,1
DA:20,1
DA:22,2
DA:23,1
DA:25,1
DA:27,1
DA:28,1
DA:29,3
DA:30,3
DA:32,1
DA:33,3
DA:34,3
LF:18
LH:18
end_of_record
SF:lib/models/player.dart
DA:5,3
DA:13,1
DA:14,1
DA:15,1
DA:16,1
DA:20,1
DA:21,3
LF:7
LH:7
end_of_record
SF:lib/models/coach.dart
DA:4,5
DA:10,4
DA:11,4
DA:12,1
DA:16,2
DA:17,4
LF:6
LH:6
end_of_record
