SF:lib/misc/date_time_formatter.dart
DA:4,2
DA:5,6
LF:2
LH:2
end_of_record
SF:lib/models/match.dart
DA:6,3
DA:18,2
DA:19,2
DA:20,2
DA:21,4
DA:22,4
DA:23,4
DA:27,1
DA:28,5
LF:9
LH:9
end_of_record
SF:lib/misc/most_wins_calculator.dart
DA:9,2
DA:10,2
DA:11,4
DA:13,4
DA:14,4
DA:16,4
DA:17,4
DA:21,6
DA:22,4
DA:23,6
DA:24,6
DA:25,4
DA:26,6
DA:33,6
DA:34,6
DA:35,4
DA:36,4
LF:17
LH:17
end_of_record
SF:lib/models/score.dart
DA:4,6
DA:10,3
DA:11,3
DA:12,3
DA:16,1
DA:17,2
LF:6
LH:6
end_of_record
SF:lib/models/team.dart
DA:6,5
DA:22,3
DA:23,3
DA:24,3
DA:25,3
DA:26,3
DA:27,3
DA:28,3
DA:32,3
DA:33,21
LF:10
LH:10
end_of_record
SF:lib/models/season.dart
DA:4,2
DA:14,2
DA:15,2
DA:16,2
DA:17,4
DA:18,4
DA:22,1
DA:23,4
LF:8
LH:8
end_of_record
SF:lib/app/app.locator.dart
DA:16,6
DA:18,0
DA:21,0
DA:25,0
DA:26,0
DA:27,0
DA:28,0
LF:7
LH:1
end_of_record
SF:lib/football_data/football_data_repo.dart
DA:11,1
DA:12,4
DA:13,1
LF:3
LH:3
end_of_record
SF:lib/football_data/football_data_service.dart
DA:17,1
DA:18,2
DA:20,2
DA:21,1
DA:23,2
DA:25,2
DA:33,1
DA:34,4
DA:35,2
DA:36,2
DA:37,2
DA:38,3
DA:39,0
DA:41,1
DA:43,1
DA:50,1
DA:51,4
DA:52,2
DA:53,2
DA:54,5
DA:55,2
DA:57,0
DA:62,1
DA:63,4
DA:64,2
DA:65,2
DA:66,1
DA:68,0
LF:28
LH:25
end_of_record
SF:lib/services/http_service.dart
DA:6,0
DA:7,0
DA:8,0
DA:9,0
DA:10,0
LF:5
LH:0
end_of_record
